<?xml version="1.0" encoding="UTF-8"?>
<!-- Generated by org.testng.reporters.JUnitReportReporter -->
<testsuite skipped="0" hostname="Mohans-MacBook-Air.local" name="TestNGPackage.TestNGTest1" tests="2" failures="0" timestamp="07 Dec 2022 16:42:11 GMT" time="5.870" errors="0">
  <testcase name="reTest1" time="0.000" classname="TestNGPackage.TestNGTest1"/>
  <testcase name="loginToParaBank" time="5.870" classname="TestNGPackage.TestNGTest1"/>
</testsuite> <!-- TestNGPackage.TestNGTest1 -->
